2010-11-27 18:17:43 Debug: Notice (8): Use of undefined constant DB_FORMAT - assumed 'DB_FORMAT' in [APP\lib\app.php, line 3]
2010-11-27 18:17:59 Debug: Notice (8): Use of undefined constant DB_FORMAT - assumed 'DB_FORMAT' in [APP\lib\app.php, line 3]
2010-11-27 18:17:59 Debug: Notice (8): Use of undefined constant DB_FORMAT - assumed 'DB_FORMAT' in [APP\lib\app.php, line 3]
2010-11-27 18:17:59 Debug: Notice (8): Use of undefined constant DB_FORMAT - assumed 'DB_FORMAT' in [APP\lib\app.php, line 3]
2010-11-27 18:17:59 Debug: Notice (8): Use of undefined constant DB_FORMAT - assumed 'DB_FORMAT' in [APP\lib\app.php, line 3]
2010-11-27 18:17:59 Debug: Notice (8): Use of undefined constant DB_FORMAT - assumed 'DB_FORMAT' in [APP\lib\app.php, line 3]
2010-11-27 18:17:59 Debug: Notice (8): Use of undefined constant DB_FORMAT - assumed 'DB_FORMAT' in [APP\lib\app.php, line 3]
2010-11-27 18:18:00 Debug: Notice (8): Use of undefined constant DB_FORMAT - assumed 'DB_FORMAT' in [APP\lib\app.php, line 3]
2010-11-27 18:50:13 Debug: Notice (8): Uninitialized string offset: 0 in [APP\views\army\index.ctp, line 139]
2010-11-27 18:50:13 Debug: Notice (8): Uninitialized string offset: 0 in [APP\views\army\index.ctp, line 147]
2010-11-27 18:50:13 Debug: Notice (8): Uninitialized string offset: 0 in [APP\views\army\index.ctp, line 163]
2010-11-27 18:50:13 Debug: Notice (8): Uninitialized string offset: 0 in [APP\views\army\index.ctp, line 172]
2010-11-27 18:50:13 Debug: Notice (8): Uninitialized string offset: 0 in [APP\views\army\index.ctp, line 175]
2010-11-27 18:50:13 Debug: Notice (8): Uninitialized string offset: 0 in [APP\views\army\index.ctp, line 177]
2010-11-27 18:50:13 Debug: Notice (8): Uninitialized string offset: 0 in [APP\views\army\index.ctp, line 186]
2010-11-27 18:50:13 Debug: Notice (8): Uninitialized string offset: 0 in [APP\views\army\index.ctp, line 187]
2010-11-27 18:50:13 Debug: Notice (8): Uninitialized string offset: 0 in [APP\views\army\index.ctp, line 196]
2010-11-27 18:50:13 Debug: Notice (8): Uninitialized string offset: 0 in [APP\views\army\index.ctp, line 197]
2010-11-27 18:50:13 Debug: Notice (8): Uninitialized string offset: 0 in [APP\views\army\index.ctp, line 201]
2010-11-27 18:50:13 Debug: Notice (8): Uninitialized string offset: 0 in [APP\views\army\index.ctp, line 202]
2010-11-27 18:50:13 Debug: Notice (8): Uninitialized string offset: 0 in [APP\views\army\index.ctp, line 214]
2010-11-27 18:50:13 Debug: Notice (8): Uninitialized string offset: 0 in [APP\views\army\index.ctp, line 217]
2010-11-27 18:50:13 Debug: Notice (8): Uninitialized string offset: 0 in [APP\views\army\index.ctp, line 221]
2010-11-27 18:50:13 Debug: Notice (8): Uninitialized string offset: 0 in [APP\views\army\index.ctp, line 224]
2010-11-27 18:51:03 Debug: Notice (8): Uninitialized string offset: 0 in [APP\views\army\index.ctp, line 139]
2010-11-27 18:51:04 Debug: Notice (8): Uninitialized string offset: 0 in [APP\views\army\index.ctp, line 147]
2010-11-27 18:51:04 Debug: Notice (8): Uninitialized string offset: 0 in [APP\views\army\index.ctp, line 163]
2010-11-27 18:51:04 Debug: Notice (8): Uninitialized string offset: 0 in [APP\views\army\index.ctp, line 172]
2010-11-27 18:51:04 Debug: Notice (8): Uninitialized string offset: 0 in [APP\views\army\index.ctp, line 175]
2010-11-27 18:51:04 Debug: Notice (8): Uninitialized string offset: 0 in [APP\views\army\index.ctp, line 177]
2010-11-27 18:51:04 Debug: Notice (8): Uninitialized string offset: 0 in [APP\views\army\index.ctp, line 186]
2010-11-27 18:51:04 Debug: Notice (8): Uninitialized string offset: 0 in [APP\views\army\index.ctp, line 187]
2010-11-27 18:51:04 Debug: Notice (8): Uninitialized string offset: 0 in [APP\views\army\index.ctp, line 196]
2010-11-27 18:51:04 Debug: Notice (8): Uninitialized string offset: 0 in [APP\views\army\index.ctp, line 197]
2010-11-27 18:51:04 Debug: Notice (8): Uninitialized string offset: 0 in [APP\views\army\index.ctp, line 201]
2010-11-27 18:51:04 Debug: Notice (8): Uninitialized string offset: 0 in [APP\views\army\index.ctp, line 202]
2010-11-27 18:51:04 Debug: Notice (8): Uninitialized string offset: 0 in [APP\views\army\index.ctp, line 214]
2010-11-27 18:51:04 Debug: Notice (8): Uninitialized string offset: 0 in [APP\views\army\index.ctp, line 217]
2010-11-27 18:51:04 Debug: Notice (8): Uninitialized string offset: 0 in [APP\views\army\index.ctp, line 221]
2010-11-27 18:51:04 Debug: Notice (8): Uninitialized string offset: 0 in [APP\views\army\index.ctp, line 224]
2010-11-27 18:51:24 Debug: Notice (8): Uninitialized string offset: 0 in [APP\views\army\index.ctp, line 139]
2010-11-27 18:51:24 Debug: Notice (8): Uninitialized string offset: 0 in [APP\views\army\index.ctp, line 147]
2010-11-27 18:51:24 Debug: Notice (8): Uninitialized string offset: 0 in [APP\views\army\index.ctp, line 163]
2010-11-27 18:51:24 Debug: Notice (8): Uninitialized string offset: 0 in [APP\views\army\index.ctp, line 172]
2010-11-27 18:51:24 Debug: Notice (8): Uninitialized string offset: 0 in [APP\views\army\index.ctp, line 175]
2010-11-27 18:51:24 Debug: Notice (8): Uninitialized string offset: 0 in [APP\views\army\index.ctp, line 177]
2010-11-27 18:51:24 Debug: Notice (8): Uninitialized string offset: 0 in [APP\views\army\index.ctp, line 186]
2010-11-27 18:51:24 Debug: Notice (8): Uninitialized string offset: 0 in [APP\views\army\index.ctp, line 187]
2010-11-27 18:51:24 Debug: Notice (8): Uninitialized string offset: 0 in [APP\views\army\index.ctp, line 196]
2010-11-27 18:51:24 Debug: Notice (8): Uninitialized string offset: 0 in [APP\views\army\index.ctp, line 197]
2010-11-27 18:51:24 Debug: Notice (8): Uninitialized string offset: 0 in [APP\views\army\index.ctp, line 201]
2010-11-27 18:51:24 Debug: Notice (8): Uninitialized string offset: 0 in [APP\views\army\index.ctp, line 202]
2010-11-27 18:51:24 Debug: Notice (8): Uninitialized string offset: 0 in [APP\views\army\index.ctp, line 214]
2010-11-27 18:51:24 Debug: Notice (8): Uninitialized string offset: 0 in [APP\views\army\index.ctp, line 217]
2010-11-27 18:51:24 Debug: Notice (8): Uninitialized string offset: 0 in [APP\views\army\index.ctp, line 221]
2010-11-27 18:51:24 Debug: Notice (8): Uninitialized string offset: 0 in [APP\views\army\index.ctp, line 224]
2010-11-27 18:54:16 Debug: Notice (8): Undefined index: WeaponType in [APP\views\characters\change_class.ctp, line 142]
2010-11-27 18:54:50 Debug: Notice (8): Undefined index: WeaponType in [APP\views\characters\change_class.ctp, line 142]
2010-11-27 18:55:01 Debug: Notice (8): Undefined index: WeaponType in [APP\views\characters\change_class.ctp, line 142]
2010-11-27 18:56:09 Debug: Notice (8): Undefined index: WeaponType in [APP\views\characters\change_class.ctp, line 142]
2010-12-06 18:55:29 Debug: Notice (8): Uninitialized string offset: 0 in [APP\views\army\index.ctp, line 139]
2010-12-06 18:55:29 Debug: Notice (8): Uninitialized string offset: 0 in [APP\views\army\index.ctp, line 147]
2010-12-06 18:55:29 Debug: Notice (8): Uninitialized string offset: 0 in [APP\views\army\index.ctp, line 163]
2010-12-06 18:55:29 Debug: Notice (8): Uninitialized string offset: 0 in [APP\views\army\index.ctp, line 172]
2010-12-06 18:55:29 Debug: Notice (8): Uninitialized string offset: 0 in [APP\views\army\index.ctp, line 175]
2010-12-06 18:55:29 Debug: Notice (8): Uninitialized string offset: 0 in [APP\views\army\index.ctp, line 177]
2010-12-06 18:55:29 Debug: Notice (8): Uninitialized string offset: 0 in [APP\views\army\index.ctp, line 186]
2010-12-06 18:55:29 Debug: Notice (8): Uninitialized string offset: 0 in [APP\views\army\index.ctp, line 187]
2010-12-06 18:55:29 Debug: Notice (8): Uninitialized string offset: 0 in [APP\views\army\index.ctp, line 196]
2010-12-06 18:55:29 Debug: Notice (8): Uninitialized string offset: 0 in [APP\views\army\index.ctp, line 197]
2010-12-06 18:55:29 Debug: Notice (8): Uninitialized string offset: 0 in [APP\views\army\index.ctp, line 201]
2010-12-06 18:55:29 Debug: Notice (8): Uninitialized string offset: 0 in [APP\views\army\index.ctp, line 202]
2010-12-06 18:55:29 Debug: Notice (8): Uninitialized string offset: 0 in [APP\views\army\index.ctp, line 214]
2010-12-06 18:55:29 Debug: Notice (8): Uninitialized string offset: 0 in [APP\views\army\index.ctp, line 217]
2010-12-06 18:55:29 Debug: Notice (8): Uninitialized string offset: 0 in [APP\views\army\index.ctp, line 221]
2010-12-06 18:55:29 Debug: Notice (8): Uninitialized string offset: 0 in [APP\views\army\index.ctp, line 224]
2010-12-06 18:56:26 Debug: Notice (8): Uninitialized string offset: 0 in [APP\views\army\index.ctp, line 139]
2010-12-06 18:56:26 Debug: Notice (8): Uninitialized string offset: 0 in [APP\views\army\index.ctp, line 147]
2010-12-06 18:56:26 Debug: Notice (8): Uninitialized string offset: 0 in [APP\views\army\index.ctp, line 163]
2010-12-06 18:56:26 Debug: Notice (8): Uninitialized string offset: 0 in [APP\views\army\index.ctp, line 172]
2010-12-06 18:56:26 Debug: Notice (8): Uninitialized string offset: 0 in [APP\views\army\index.ctp, line 175]
2010-12-06 18:56:26 Debug: Notice (8): Uninitialized string offset: 0 in [APP\views\army\index.ctp, line 177]
2010-12-06 18:56:26 Debug: Notice (8): Uninitialized string offset: 0 in [APP\views\army\index.ctp, line 186]
2010-12-06 18:56:26 Debug: Notice (8): Uninitialized string offset: 0 in [APP\views\army\index.ctp, line 187]
2010-12-06 18:56:26 Debug: Notice (8): Uninitialized string offset: 0 in [APP\views\army\index.ctp, line 196]
2010-12-06 18:56:26 Debug: Notice (8): Uninitialized string offset: 0 in [APP\views\army\index.ctp, line 197]
2010-12-06 18:56:26 Debug: Notice (8): Uninitialized string offset: 0 in [APP\views\army\index.ctp, line 201]
2010-12-06 18:56:26 Debug: Notice (8): Uninitialized string offset: 0 in [APP\views\army\index.ctp, line 202]
2010-12-06 18:56:26 Debug: Notice (8): Uninitialized string offset: 0 in [APP\views\army\index.ctp, line 214]
2010-12-06 18:56:26 Debug: Notice (8): Uninitialized string offset: 0 in [APP\views\army\index.ctp, line 217]
2010-12-06 18:56:26 Debug: Notice (8): Uninitialized string offset: 0 in [APP\views\army\index.ctp, line 221]
2010-12-06 18:56:26 Debug: Notice (8): Uninitialized string offset: 0 in [APP\views\army\index.ctp, line 224]
2010-12-07 02:57:04 Debug: Notice (8): Uninitialized string offset: 0 in [APP\views\army\index.ctp, line 139]
2010-12-07 02:57:04 Debug: Notice (8): Uninitialized string offset: 0 in [APP\views\army\index.ctp, line 147]
2010-12-07 02:57:04 Debug: Notice (8): Uninitialized string offset: 0 in [APP\views\army\index.ctp, line 163]
2010-12-07 02:57:04 Debug: Notice (8): Uninitialized string offset: 0 in [APP\views\army\index.ctp, line 172]
2010-12-07 02:57:04 Debug: Notice (8): Uninitialized string offset: 0 in [APP\views\army\index.ctp, line 175]
2010-12-07 02:57:04 Debug: Notice (8): Uninitialized string offset: 0 in [APP\views\army\index.ctp, line 177]
2010-12-07 02:57:04 Debug: Notice (8): Uninitialized string offset: 0 in [APP\views\army\index.ctp, line 186]
2010-12-07 02:57:04 Debug: Notice (8): Uninitialized string offset: 0 in [APP\views\army\index.ctp, line 187]
2010-12-07 02:57:04 Debug: Notice (8): Uninitialized string offset: 0 in [APP\views\army\index.ctp, line 196]
2010-12-07 02:57:04 Debug: Notice (8): Uninitialized string offset: 0 in [APP\views\army\index.ctp, line 197]
2010-12-07 02:57:04 Debug: Notice (8): Uninitialized string offset: 0 in [APP\views\army\index.ctp, line 201]
2010-12-07 02:57:04 Debug: Notice (8): Uninitialized string offset: 0 in [APP\views\army\index.ctp, line 202]
2010-12-07 02:57:04 Debug: Notice (8): Uninitialized string offset: 0 in [APP\views\army\index.ctp, line 214]
2010-12-07 02:57:04 Debug: Notice (8): Uninitialized string offset: 0 in [APP\views\army\index.ctp, line 217]
2010-12-07 02:57:04 Debug: Notice (8): Uninitialized string offset: 0 in [APP\views\army\index.ctp, line 221]
2010-12-07 02:57:04 Debug: Notice (8): Uninitialized string offset: 0 in [APP\views\army\index.ctp, line 224]
2010-12-07 02:58:40 Debug: Notice (8): Undefined variable: classNames in [APP\views\monsters\admi_index.ctp, line 17]
2010-12-07 02:58:41 Debug: Notice (8): Undefined variable: classes in [APP\views\monsters\admi_index.ctp, line 43]
2010-12-07 03:01:24 Debug: Notice (8): Undefined variable: monsteres in [APP\views\monsters\admi_index.ctp, line 43]
2010-12-07 03:01:50 Debug: Notice (8): Undefined index: CClass in [APP\views\monsters\admi_index.ctp, line 50]
2010-12-07 03:01:50 Debug: Notice (8): Undefined index: CClass in [APP\views\monsters\admi_index.ctp, line 51]
2010-12-07 03:01:50 Debug: Notice (8): Undefined index: CClass in [APP\views\monsters\admi_index.ctp, line 52]
2010-12-07 03:01:50 Debug: Notice (8): Undefined index: CClass in [APP\views\monsters\admi_index.ctp, line 53]
2010-12-07 03:01:50 Debug: Notice (8): Undefined index: CClass in [APP\views\monsters\admi_index.ctp, line 54]
2010-12-07 03:01:50 Debug: Notice (8): Undefined index: CClass in [APP\views\monsters\admi_index.ctp, line 56]
2010-12-07 03:01:51 Debug: Notice (8): Undefined index: CClass in [APP\views\monsters\admi_index.ctp, line 58]
2010-12-07 03:01:51 Debug: Notice (8): Undefined index: CClass in [APP\views\monsters\admi_index.ctp, line 59]
2010-12-07 03:01:51 Debug: Notice (8): Undefined index: CClass in [APP\views\monsters\admi_index.ctp, line 62]
2010-12-07 03:01:51 Debug: Notice (8): Undefined index: CClass in [APP\views\monsters\admi_index.ctp, line 72]
2010-12-07 03:01:51 Debug: Notice (8): Undefined index: CClass in [APP\views\monsters\admi_index.ctp, line 82]
2010-12-07 03:01:51 Debug: Notice (8): Undefined index: CClass in [APP\views\monsters\admi_index.ctp, line 92]
2010-12-07 03:01:51 Debug: Notice (8): Undefined index: CClass in [APP\views\monsters\admi_index.ctp, line 101]
2010-12-07 03:01:51 Debug: Notice (8): Undefined index: CClass in [APP\views\monsters\admi_index.ctp, line 102]
2010-12-07 03:01:51 Debug: Notice (8): Undefined index: CClass in [APP\views\monsters\admi_index.ctp, line 103]
2010-12-07 03:02:11 Debug: Notice (8): Undefined index: promote_monster_1_id in [APP\views\monsters\admi_index.ctp, line 62]
2010-12-07 03:02:11 Debug: Notice (8): Undefined index: promote_monster_2_id in [APP\views\monsters\admi_index.ctp, line 72]
2010-12-07 03:02:11 Debug: Notice (8): Undefined index: promote_monster_3_id in [APP\views\monsters\admi_index.ctp, line 82]
2010-12-07 03:02:11 Debug: Notice (8): Undefined index: promote_monster_4_id in [APP\views\monsters\admi_index.ctp, line 92]
2010-12-07 03:02:43 Debug: Notice (8): Undefined index: promote_monster_1_id in [APP\views\monsters\admi_index.ctp, line 62]
2010-12-07 03:02:43 Debug: Notice (8): Undefined index: promote_monster_2_id in [APP\views\monsters\admi_index.ctp, line 72]
2010-12-07 03:02:43 Debug: Notice (8): Undefined index: promote_monster_3_id in [APP\views\monsters\admi_index.ctp, line 82]
2010-12-07 03:02:43 Debug: Notice (8): Undefined index: promote_monster_4_id in [APP\views\monsters\admi_index.ctp, line 92]
2010-12-07 03:03:05 Debug: Notice (8): Undefined variable: paginator in [APP\views\monsters\admi_index.ctp, line 23]
2010-12-07 03:05:08 Debug: Notice (8): Undefined index: promote_monster_1_id in [APP\views\monsters\admi_view.ctp, line 72]
2010-12-07 03:05:08 Debug: Notice (8): Undefined index: promote_monster_2_id in [APP\views\monsters\admi_view.ctp, line 85]
2010-12-07 03:05:08 Debug: Notice (8): Undefined index: promote_monster_3_id in [APP\views\monsters\admi_view.ctp, line 98]
2010-12-07 03:05:08 Debug: Notice (8): Undefined index: promote_monster_4_id in [APP\views\monsters\admi_view.ctp, line 111]
2010-12-07 03:06:14 Debug: Notice (8): Undefined index: promote_monster_1_id in [APP\views\monsters\admi_view.ctp, line 72]
2010-12-07 03:06:14 Debug: Notice (8): Undefined index: promote_monster_2_id in [APP\views\monsters\admi_view.ctp, line 85]
2010-12-07 03:06:14 Debug: Notice (8): Undefined index: promote_monster_3_id in [APP\views\monsters\admi_view.ctp, line 98]
2010-12-07 03:06:14 Debug: Notice (8): Undefined index: promote_monster_4_id in [APP\views\monsters\admi_view.ctp, line 111]
2010-12-07 03:07:13 Debug: Notice (8): Undefined index: promote_monster_1_id in [APP\views\monsters\admi_view.ctp, line 72]
2010-12-07 03:07:13 Debug: Notice (8): Undefined index: promote_monster_2_id in [APP\views\monsters\admi_view.ctp, line 85]
2010-12-07 03:07:13 Debug: Notice (8): Undefined index: promote_monster_3_id in [APP\views\monsters\admi_view.ctp, line 98]
2010-12-07 03:07:13 Debug: Notice (8): Undefined index: promote_monster_4_id in [APP\views\monsters\admi_view.ctp, line 111]
2010-12-09 04:02:53 Debug: Notice (8): Undefined variable: a in [APP\lib\expr.php(18) : eval()'d code, line 1]
2010-12-09 04:02:54 Debug: Notice (8): Undefined variable: a in [APP\lib\expr.php(18) : eval()'d code, line 1]
2010-12-09 04:03:02 Debug: Notice (8): Undefined variable: a in [APP\lib\expr.php(18) : eval()'d code, line 1]
2010-12-09 04:03:03 Debug: Notice (8): Undefined variable: a in [APP\lib\expr.php(18) : eval()'d code, line 1]
2010-12-10 01:10:16 Debug: Notice (8): Undefined variable: monsterNames in [APP\views\missions\admi_index.ctp, line 17]
2010-12-10 01:10:16 Debug: Notice (8): Undefined variable: monsters in [APP\views\missions\admi_index.ctp, line 35]
2010-12-10 01:31:30 Debug: Notice (8): Undefined index: min_range in [APP\views\missions\admi_view.ctp, line 24]
2010-12-10 01:31:30 Debug: Notice (8): Undefined index: max_range in [APP\views\missions\admi_view.ctp, line 28]
2010-12-10 01:31:30 Debug: Notice (8): Undefined index: speed in [APP\views\missions\admi_view.ctp, line 32]
2010-12-10 01:31:30 Debug: Notice (8): Undefined index: melee_atk_stat in [APP\views\missions\admi_view.ctp, line 36]
2010-12-10 01:31:30 Debug: Notice (8): Undefined index: ranged_atk_stat in [APP\views\missions\admi_view.ctp, line 40]
2010-12-10 01:31:30 Debug: Notice (8): Undefined index: battle_icon in [APP\views\missions\admi_view.ctp, line 51]
2010-12-10 01:31:30 Debug: Notice (8): Undefined index: face_icon in [APP\views\missions\admi_view.ctp, line 62]
2010-12-10 01:31:30 Debug: Notice (8): Undefined index: bonus_name in [APP\views\missions\admi_view.ctp, line 80]
2010-12-10 01:31:30 Debug: Notice (8): Undefined index: bonus_description in [APP\views\missions\admi_view.ctp, line 83]
2010-12-10 01:31:30 Debug: Notice (8): Undefined index: bonus_locations in [APP\views\missions\admi_view.ctp, line 89]
2010-12-10 01:31:30 Debug: Notice (8): Undefined index: Bonus in [APP\views\missions\admi_view.ctp, line 93]
2010-12-10 01:32:12 Debug: Notice (8): Undefined index: min_range in [APP\views\missions\admi_view.ctp, line 24]
2010-12-10 01:32:12 Debug: Notice (8): Undefined index: max_range in [APP\views\missions\admi_view.ctp, line 28]
2010-12-10 01:32:12 Debug: Notice (8): Undefined index: speed in [APP\views\missions\admi_view.ctp, line 32]
2010-12-10 01:32:12 Debug: Notice (8): Undefined index: melee_atk_stat in [APP\views\missions\admi_view.ctp, line 36]
2010-12-10 01:32:12 Debug: Notice (8): Undefined index: ranged_atk_stat in [APP\views\missions\admi_view.ctp, line 40]
2010-12-10 01:32:12 Debug: Notice (8): Undefined index: battle_icon in [APP\views\missions\admi_view.ctp, line 51]
2010-12-10 01:32:12 Debug: Notice (8): Undefined index: face_icon in [APP\views\missions\admi_view.ctp, line 62]
2010-12-10 01:32:12 Debug: Notice (8): Undefined index: bonus_name in [APP\views\missions\admi_view.ctp, line 80]
2010-12-10 01:32:12 Debug: Notice (8): Undefined index: bonus_description in [APP\views\missions\admi_view.ctp, line 83]
2010-12-10 01:32:12 Debug: Notice (8): Undefined index: bonus_locations in [APP\views\missions\admi_view.ctp, line 89]
2010-12-10 01:32:12 Debug: Notice (8): Undefined index: Bonus in [APP\views\missions\admi_view.ctp, line 93]
2010-12-10 02:06:25 Debug: Notice (8): Undefined index: speed in [APP\views\missions\admi_view.ctp, line 27]
2010-12-10 02:06:25 Debug: Notice (8): Undefined index: melee_atk_stat in [APP\views\missions\admi_view.ctp, line 31]
2010-12-10 02:06:25 Debug: Notice (8): Undefined index: ranged_atk_stat in [APP\views\missions\admi_view.ctp, line 35]
2010-12-10 02:06:25 Debug: Notice (8): Undefined index: battle_icon in [APP\views\missions\admi_view.ctp, line 46]
2010-12-10 02:06:25 Debug: Notice (8): Undefined index: face_icon in [APP\views\missions\admi_view.ctp, line 57]
2010-12-10 02:06:25 Debug: Notice (8): Undefined index: bonus_name in [APP\views\missions\admi_view.ctp, line 75]
2010-12-10 02:06:25 Debug: Notice (8): Undefined index: bonus_description in [APP\views\missions\admi_view.ctp, line 78]
2010-12-10 02:06:25 Debug: Notice (8): Undefined index: bonus_locations in [APP\views\missions\admi_view.ctp, line 84]
2010-12-10 02:06:25 Debug: Notice (8): Undefined index: Bonus in [APP\views\missions\admi_view.ctp, line 88]
2010-12-10 02:08:59 Debug: Notice (8): Undefined index: active in [APP\views\missions\admi_view.ctp, line 27]
2010-12-10 02:08:59 Debug: Notice (8): Undefined index: bonus_name in [APP\views\missions\admi_view.ctp, line 40]
2010-12-10 02:08:59 Debug: Notice (8): Undefined index: bonus_description in [APP\views\missions\admi_view.ctp, line 43]
2010-12-10 02:08:59 Debug: Notice (8): Undefined index: bonus_locations in [APP\views\missions\admi_view.ctp, line 49]
2010-12-10 02:08:59 Debug: Notice (8): Undefined index: Bonus in [APP\views\missions\admi_view.ctp, line 53]
2010-12-10 02:09:30 Debug: Notice (8): Undefined index: bonus_name in [APP\views\missions\admi_view.ctp, line 40]
2010-12-10 02:09:30 Debug: Notice (8): Undefined index: bonus_description in [APP\views\missions\admi_view.ctp, line 43]
2010-12-10 02:09:30 Debug: Notice (8): Undefined index: bonus_locations in [APP\views\missions\admi_view.ctp, line 49]
2010-12-10 02:09:30 Debug: Notice (8): Undefined index: Bonus in [APP\views\missions\admi_view.ctp, line 53]
2010-12-10 04:17:30 Debug: Notice (8): Undefined index: MissionReward in [APP\views\missions\admi_view.ctp, line 47]
2010-12-10 04:17:45 Debug: Notice (8): Undefined index: MissionReward in [APP\views\missions\admi_view.ctp, line 47]
2010-12-10 04:18:54 Debug: Notice (8): Undefined index: MissionReward in [APP\views\missions\admi_view.ctp, line 47]
2010-12-10 04:19:18 Debug: Notice (8): Undefined index: MissionReward in [APP\views\missions\admi_view.ctp, line 47]
2010-12-10 04:19:59 Debug: Notice (8): Undefined index: MissionReward in [APP\views\missions\admi_view.ctp, line 47]
2010-12-10 04:20:06 Debug: Notice (8): Undefined index: MissionReward in [APP\views\missions\admi_view.ctp, line 47]
2010-12-10 04:20:20 Debug: Notice (8): Undefined index: MissionReward in [APP\views\missions\admi_view.ctp, line 47]
2010-12-10 04:21:43 Debug: Notice (8): Undefined index: MissionReward in [APP\views\missions\admi_view.ctp, line 47]
2010-12-10 04:25:03 Debug: Notice (8): Undefined index: MissionReward in [APP\views\missions\admi_view.ctp, line 47]
2010-12-10 04:25:24 Debug: Notice (8): Undefined index: MissionReward in [APP\views\missions\admi_view.ctp, line 47]
2010-12-10 04:25:33 Debug: Notice (8): Undefined index: MissionGroup in [APP\views\missions\admi_view.ctp, line 15]
2010-12-10 04:25:33 Debug: Notice (8): Undefined index: MissionReward in [APP\views\missions\admi_view.ctp, line 47]
2010-12-10 04:25:39 Debug: Notice (8): Undefined index: MissionGroup in [APP\views\missions\admi_view.ctp, line 15]
2010-12-10 04:26:15 Debug: Notice (8): Undefined index: MissionGroup in [APP\views\missions\admi_view.ctp, line 15]
2010-12-10 04:27:20 Debug: Notice (8): Undefined index: MissionGroup in [APP\views\missions\admi_view.ctp, line 15]
2010-12-10 04:27:32 Debug: Notice (8): Undefined index: MissionGroup in [APP\views\missions\admi_view.ctp, line 15]
2010-12-10 04:27:42 Debug: Notice (8): Undefined index: MissionGroup in [APP\views\missions\admi_view.ctp, line 15]
2010-12-10 04:28:03 Debug: Notice (8): Undefined index: CClass1 in [APP\views\c_classes\admi_index.ctp, line 63]
2010-12-10 04:28:03 Debug: Notice (8): Undefined index: CClass2 in [APP\views\c_classes\admi_index.ctp, line 73]
2010-12-10 04:28:03 Debug: Notice (8): Undefined index: CClass3 in [APP\views\c_classes\admi_index.ctp, line 83]
2010-12-10 04:28:03 Debug: Notice (8): Undefined index: CClass4 in [APP\views\c_classes\admi_index.ctp, line 93]
2010-12-10 14:00:31 Debug: Notice (8): Undefined index: amount in [APP\views\missions\admi_view.ctp, line 53]
2010-12-10 14:05:23 Debug: Notice (8): Undefined variable: missionId in [APP\views\mission_rewards\admi_edit.ctp, line 7]
2010-12-10 14:05:39 Debug: Notice (8): Undefined index: mission_id in [APP\controllers\mission_rewards_controller.php, line 30]
2010-12-10 14:12:13 Debug: Notice (8): Undefined variable: rewards in [APP\views\missions\admi_index.ctp, line 62]
2010-12-10 14:12:29 Debug: Notice (8): Undefined variable: rewards in [APP\views\missions\admi_index.ctp, line 62]
2010-12-10 16:38:25 Debug: Notice (8): Undefined index: Characters in [APP\views\users\admi_view.ctp, line 99]
2010-12-10 16:38:25 Debug: Notice (8): Undefined index: Characters in [APP\views\users\admi_view.ctp, line 109]
2010-12-10 16:40:01 Debug: Notice (8): Undefined index: Characters in [APP\views\users\admi_view.ctp, line 99]
2010-12-10 16:40:01 Debug: Notice (8): Undefined variable: item in [APP\views\users\admi_view.ctp, line 120]
2010-12-10 16:40:01 Debug: Notice (8): Undefined variable: item in [APP\views\users\admi_view.ctp, line 121]
2010-12-10 16:40:14 Debug: Notice (8): Undefined variable: item in [APP\views\users\admi_view.ctp, line 120]
2010-12-10 16:40:14 Debug: Notice (8): Undefined variable: item in [APP\views\users\admi_view.ctp, line 121]
2010-12-10 16:49:52 Debug: Notice (8): Undefined index: CharacterGroup in [APP\views\characters\admi_view.ctp, line 15]
2010-12-10 16:49:52 Debug: Notice (8): Undefined index: CharacterReward in [APP\views\characters\admi_view.ctp, line 47]
2010-12-10 16:51:51 Debug: Notice (8): Undefined index: CharacterReward in [APP\views\characters\admi_view.ctp, line 57]
2010-12-10 16:52:14 Debug: Notice (8): Undefined index: CharacterReward in [APP\views\characters\admi_view.ctp, line 57]
2010-12-10 16:52:34 Debug: Notice (8): Undefined index: CharacterReward in [APP\views\characters\admi_view.ctp, line 57]
2010-12-10 16:53:03 Debug: Notice (8): Undefined index: CharacterReward in [APP\views\characters\admi_view.ctp, line 61]
2010-12-10 16:57:29 Debug: Notice (8): Uninitialized string offset: 0 in [APP\views\characters\admi_view.ctp, line 32]
2010-12-10 16:57:29 Debug: Notice (8): Uninitialized string offset: 0 in [APP\views\characters\admi_view.ctp, line 35]
2010-12-10 16:57:56 Debug: Notice (8): Uninitialized string offset: 0 in [APP\views\characters\admi_view.ctp, line 33]
2010-12-10 16:57:56 Debug: Notice (8): Uninitialized string offset: 0 in [APP\views\characters\admi_view.ctp, line 36]
2010-12-10 17:00:08 Debug: Notice (8): Undefined index: WeaponType in [APP\models\monster.php, line 59]
2010-12-10 17:01:17 Debug: Notice (8): Undefined index: can_promote in [APP\views\army\index.ctp, line 65]
2010-12-10 17:01:17 Debug: Notice (8): Undefined index: can_promote in [APP\views\army\index.ctp, line 81]
2010-12-10 17:01:17 Debug: Notice (8): Uninitialized string offset: 0 in [APP\views\army\index.ctp, line 139]
2010-12-10 17:01:17 Debug: Notice (8): Uninitialized string offset: 0 in [APP\views\army\index.ctp, line 147]
2010-12-10 17:01:17 Debug: Notice (8): Uninitialized string offset: 0 in [APP\views\army\index.ctp, line 163]
2010-12-10 17:01:17 Debug: Notice (8): Uninitialized string offset: 0 in [APP\views\army\index.ctp, line 172]
2010-12-10 17:01:17 Debug: Notice (8): Uninitialized string offset: 0 in [APP\views\army\index.ctp, line 175]
2010-12-10 17:01:17 Debug: Notice (8): Uninitialized string offset: 0 in [APP\views\army\index.ctp, line 177]
2010-12-10 17:01:17 Debug: Notice (8): Uninitialized string offset: 0 in [APP\views\army\index.ctp, line 186]
2010-12-10 17:01:17 Debug: Notice (8): Uninitialized string offset: 0 in [APP\views\army\index.ctp, line 187]
2010-12-10 17:01:17 Debug: Notice (8): Uninitialized string offset: 0 in [APP\views\army\index.ctp, line 196]
2010-12-10 17:01:17 Debug: Notice (8): Uninitialized string offset: 0 in [APP\views\army\index.ctp, line 197]
2010-12-10 17:01:17 Debug: Notice (8): Uninitialized string offset: 0 in [APP\views\army\index.ctp, line 201]
2010-12-10 17:01:17 Debug: Notice (8): Uninitialized string offset: 0 in [APP\views\army\index.ctp, line 202]
2010-12-10 17:01:17 Debug: Notice (8): Uninitialized string offset: 0 in [APP\views\army\index.ctp, line 214]
2010-12-10 17:01:17 Debug: Notice (8): Uninitialized string offset: 0 in [APP\views\army\index.ctp, line 217]
2010-12-10 17:01:17 Debug: Notice (8): Uninitialized string offset: 0 in [APP\views\army\index.ctp, line 221]
2010-12-10 17:01:17 Debug: Notice (8): Uninitialized string offset: 0 in [APP\views\army\index.ctp, line 224]
2010-12-10 17:01:26 Debug: Notice (8): Uninitialized string offset: 0 in [APP\views\characters\view.ctp, line 202]
2010-12-10 17:01:26 Debug: Notice (8): Uninitialized string offset: 0 in [APP\views\characters\view.ctp, line 210]
2010-12-10 17:01:26 Debug: Notice (8): Uninitialized string offset: 0 in [APP\views\characters\view.ctp, line 218]
2010-12-10 17:01:26 Debug: Notice (8): Undefined index: has_promotions in [APP\views\characters\view.ctp, line 269]
2010-12-10 17:01:26 Debug: Notice (8): Undefined index: can_promote in [APP\views\characters\view.ctp, line 270]
2010-12-10 17:01:26 Debug: Notice (8): Uninitialized string offset: 0 in [APP\views\characters\view.ctp, line 336]
2010-12-10 17:01:26 Debug: Notice (8): Uninitialized string offset: 0 in [APP\views\characters\view.ctp, line 345]
2010-12-10 17:01:26 Debug: Notice (8): Uninitialized string offset: 0 in [APP\views\characters\view.ctp, line 360]
2010-12-10 17:01:27 Debug: Notice (8): Uninitialized string offset: 0 in [APP\views\characters\view.ctp, line 369]
2010-12-10 17:01:27 Debug: Notice (8): Uninitialized string offset: 0 in [APP\views\characters\view.ctp, line 377]
2010-12-10 17:01:27 Debug: Notice (8): Uninitialized string offset: 0 in [APP\views\characters\view.ctp, line 392]
2010-12-10 17:01:27 Debug: Notice (8): Uninitialized string offset: 0 in [APP\views\characters\view.ctp, line 406]
2010-12-10 17:01:27 Debug: Notice (8): Uninitialized string offset: 0 in [APP\views\characters\view.ctp, line 407]
2010-12-10 17:01:27 Debug: Notice (8): Uninitialized string offset: 0 in [APP\views\characters\view.ctp, line 430]
2010-12-10 17:01:27 Debug: Notice (8): Uninitialized string offset: 0 in [APP\views\characters\view.ctp, line 453]
2010-12-10 17:01:27 Debug: Notice (8): Uninitialized string offset: 0 in [APP\views\characters\view.ctp, line 458]
2010-12-10 17:01:27 Debug: Notice (8): Uninitialized string offset: 0 in [APP\views\characters\view.ctp, line 471]
2010-12-10 17:01:27 Debug: Notice (8): Uninitialized string offset: 0 in [APP\views\characters\view.ctp, line 472]
2010-12-10 17:01:27 Debug: Notice (8): Uninitialized string offset: 0 in [APP\views\characters\view.ctp, line 493]
2010-12-10 17:01:27 Debug: Notice (8): Uninitialized string offset: 0 in [APP\views\characters\view.ctp, line 506]
2010-12-10 17:01:27 Debug: Notice (8): Uninitialized string offset: 0 in [APP\views\characters\view.ctp, line 507]
2010-12-10 17:01:27 Debug: Notice (8): Uninitialized string offset: 0 in [APP\views\characters\view.ctp, line 521]
2010-12-10 17:01:27 Debug: Notice (8): Uninitialized string offset: 0 in [APP\views\characters\view.ctp, line 522]
2010-12-10 17:08:21 Debug: Notice (8): Undefined index: can_promote in [APP\views\army\index.ctp, line 65]
2010-12-10 17:08:21 Debug: Notice (8): Undefined index: can_promote in [APP\views\army\index.ctp, line 81]
2010-12-10 17:08:41 Debug: Notice (8): Undefined index: can_promote in [APP\views\army\index.ctp, line 81]
2010-12-10 17:08:58 Debug: Notice (8): Undefined index: has_promotions in [APP\views\characters\view.ctp, line 269]
2010-12-10 17:08:58 Debug: Notice (8): Undefined index: can_promote in [APP\views\characters\view.ctp, line 270]
2010-12-10 17:09:12 Debug: Notice (8): Undefined index: has_promotions in [APP\views\characters\view.ctp, line 269]
2010-12-10 17:09:12 Debug: Notice (8): Undefined index: can_promote in [APP\views\characters\view.ctp, line 270]
2010-12-10 17:09:33 Debug: Notice (8): Undefined index: has_promotions in [APP\views\characters\view.ctp, line 269]
2010-12-10 17:09:33 Debug: Notice (8): Undefined index: can_promote in [APP\views\characters\view.ctp, line 270]
2010-12-10 17:09:57 Debug: Notice (8): Undefined index: can_promote in [APP\views\characters\view.ctp, line 270]
2010-12-10 17:12:29 Debug: Notice (8): Undefined index: WeaponType in [APP\views\characters\view.ctp, line 530]
2011-01-04 11:55:45 Debug: Notice (8): Undefined index: GuildMembership in [APP\models\user.php, line 79]
2011-01-04 12:11:55 Debug: Notice (8): Undefined variable: amount in [APP\models\guild.php, line 305]
2011-01-04 12:12:57 Debug: Notice (8): Undefined offset: 1 in [APP\controllers\guilds_controller.php, line 219]
2011-01-04 12:13:03 Debug: Notice (8): Undefined offset: 1 in [APP\controllers\guilds_controller.php, line 219]
2011-01-04 17:39:05 Debug: Notice (8): Undefined property: HomeController::$Guild in [APP\app_controller.php, line 108]
2011-01-04 17:39:14 Debug: Notice (8): Undefined variable: msg in [CORE\cake\libs\object.php, line 157]
2011-01-04 17:39:14 Debug: Notice (8): Undefined variable: msg in [CORE\cake\libs\object.php, line 158]
2011-01-04 17:40:59 Debug: Notice (8): Undefined variable: QpsLogregistry in [CORE\cake\libs\object.php, line 273]
2011-01-04 17:40:59 Debug: Notice (8): Undefined variable: QpsLogregistry in [CORE\cake\libs\object.php, line 283]
2011-01-04 17:40:59 Debug: Notice (8): Undefined variable: QpsLog in [CORE\cake\libs\object.php, line 291]
2011-01-04 17:41:50 Debug: Notice (8): Undefined offset: 0 in [APP\models\qps_log.php, line 17]
2011-01-04 19:54:41 Debug: Notice (8): Undefined offset: 0 in [APP\models\formation_matchmaking.php, line 62]
2011-01-04 19:54:54 Debug: Notice (8): Undefined offset: 0 in [APP\models\formation_matchmaking.php, line 63]
2011-01-05 16:32:30 Debug: Notice (8): Undefined variable: square in [APP\models\guild.php, line 12]
2011-01-05 16:46:04 Debug: Notice (8): Undefined variable: cache in [APP\config\core.php, line 237]
2011-01-05 16:46:04 Debug: Notice (8): Undefined variable: prefix in [APP\config\core.php, line 238]
2011-01-05 16:46:04 Debug: Notice (8): Undefined variable: path in [APP\config\core.php, line 238]
2011-01-05 16:46:04 Debug: Notice (8): Undefined variable: cache in [APP\config\core.php, line 244]
2011-01-05 16:46:04 Debug: Notice (8): Undefined variable: prefix in [APP\config\core.php, line 245]
2011-01-05 16:46:04 Debug: Notice (8): Undefined variable: path in [APP\config\core.php, line 245]
2011-01-05 16:47:32 Debug: Notice (8): Undefined variable: prefix in [APP\config\core.php, line 244]
2011-01-05 16:47:32 Debug: Notice (8): Undefined variable: prefix in [APP\config\core.php, line 250]
2011-01-05 16:47:34 Debug: Notice (8): Undefined variable: prefix in [APP\config\core.php, line 244]
2011-01-05 16:47:34 Debug: Notice (8): Undefined variable: prefix in [APP\config\core.php, line 250]
2011-01-05 17:25:37 Debug: Notice (8): Undefined offset: 1 in [APP\controllers\guilds_controller.php, line 220]
2011-01-05 17:25:38 Debug: Notice (8): Undefined offset: 1 in [APP\controllers\guilds_controller.php, line 220]
2011-01-22 16:52:49 Debug: Notice (8): Undefined index: CharacterEquipped in [APP\models\user_item.php, line 128]
2011-01-22 16:54:04 Debug: Notice (8): Undefined index: CharacterEquipped in [APP\controllers\items_controller.php, line 30]
2011-01-22 16:54:32 Debug: Notice (8): Undefined index: CharacterEquipped in [APP\controllers\items_controller.php, line 31]
2011-01-22 16:54:38 Debug: Notice (8): Undefined index: CharacterEquipped in [APP\controllers\items_controller.php, line 31]
2011-01-23 12:44:20 Debug: Notice (8): Undefined variable: refineChances in [APP\views\elements\ajax_items_page.ctp, line 2]
2011-01-23 12:44:20 Debug: Notice (8): Undefined variable: classWeaponEquips in [APP\views\elements\ajax_items_page.ctp, line 3]
2011-01-23 12:44:20 Debug: Notice (8): Undefined variable: userItems in [APP\views\elements\ajax_items_page.ctp, line 12]
2011-01-23 12:44:20 Debug: Notice (8): Undefined variable: userItems in [APP\views\elements\ajax_items_page.ctp, line 16]
2011-01-23 12:44:20 Debug: Notice (8): Undefined variable: weaponImbues in [APP\views\elements\ajax_items_page.ctp, line 54]
2011-01-23 12:44:20 Debug: Notice (8): Undefined variable: armorImbues in [APP\views\elements\ajax_items_page.ctp, line 60]
2011-01-23 12:44:20 Debug: Notice (8): Undefined variable: characters in [APP\views\elements\ajax_items_page.ctp, line 99]
2011-01-23 12:45:23 Debug: Notice (8): Undefined variable: refineChances in [APP\views\elements\ajax_items_page.ctp, line 2]
2011-01-23 12:45:23 Debug: Notice (8): Undefined variable: classWeaponEquips in [APP\views\elements\ajax_items_page.ctp, line 3]
2011-01-23 12:45:23 Debug: Notice (8): Undefined variable: userItems in [APP\views\elements\ajax_items_page.ctp, line 12]
2011-01-23 12:45:23 Debug: Notice (8): Undefined variable: userItems in [APP\views\elements\ajax_items_page.ctp, line 16]
2011-01-23 12:45:23 Debug: Notice (8): Undefined variable: weaponImbues in [APP\views\elements\ajax_items_page.ctp, line 54]
2011-01-23 12:45:23 Debug: Notice (8): Undefined variable: armorImbues in [APP\views\elements\ajax_items_page.ctp, line 60]
2011-01-23 12:45:23 Debug: Notice (8): Undefined variable: characters in [APP\views\elements\ajax_items_page.ctp, line 99]
2011-01-23 12:45:29 Debug: Notice (8): Undefined variable: refineChances in [APP\views\elements\ajax_items_page.ctp, line 2]
2011-01-23 12:45:29 Debug: Notice (8): Undefined variable: classWeaponEquips in [APP\views\elements\ajax_items_page.ctp, line 3]
2011-01-23 12:45:29 Debug: Notice (8): Undefined variable: userItems in [APP\views\elements\ajax_items_page.ctp, line 12]
2011-01-23 12:45:29 Debug: Notice (8): Undefined variable: userItems in [APP\views\elements\ajax_items_page.ctp, line 16]
2011-01-23 12:45:29 Debug: Notice (8): Undefined variable: weaponImbues in [APP\views\elements\ajax_items_page.ctp, line 54]
2011-01-23 12:45:29 Debug: Notice (8): Undefined variable: armorImbues in [APP\views\elements\ajax_items_page.ctp, line 60]
2011-01-23 12:45:29 Debug: Notice (8): Undefined variable: characters in [APP\views\elements\ajax_items_page.ctp, line 99]
2011-01-23 12:45:39 Debug: Notice (8): Undefined variable: refineChances in [APP\views\elements\ajax_items_page.ctp, line 2]
2011-01-23 12:45:39 Debug: Notice (8): Undefined variable: classWeaponEquips in [APP\views\elements\ajax_items_page.ctp, line 3]
2011-01-23 12:45:39 Debug: Notice (8): Undefined variable: userItems in [APP\views\elements\ajax_items_page.ctp, line 12]
2011-01-23 12:45:39 Debug: Notice (8): Undefined variable: userItems in [APP\views\elements\ajax_items_page.ctp, line 16]
2011-01-23 12:45:39 Debug: Notice (8): Undefined variable: weaponImbues in [APP\views\elements\ajax_items_page.ctp, line 54]
2011-01-23 12:45:39 Debug: Notice (8): Undefined variable: armorImbues in [APP\views\elements\ajax_items_page.ctp, line 60]
2011-01-23 12:45:39 Debug: Notice (8): Undefined variable: characters in [APP\views\elements\ajax_items_page.ctp, line 99]
2011-01-23 13:01:22 Debug: Notice (8): Undefined variable: refineChances in [APP\views\elements\ajax_items_page.ctp, line 2]
2011-01-23 13:01:22 Debug: Notice (8): Undefined variable: classWeaponEquips in [APP\views\elements\ajax_items_page.ctp, line 3]
2011-01-23 13:01:22 Debug: Notice (8): Undefined variable: userItems in [APP\views\elements\ajax_items_page.ctp, line 12]
2011-01-23 13:01:22 Debug: Notice (8): Undefined variable: userItems in [APP\views\elements\ajax_items_page.ctp, line 16]
2011-01-23 13:01:22 Debug: Notice (8): Undefined variable: weaponImbues in [APP\views\elements\ajax_items_page.ctp, line 54]
2011-01-23 13:01:22 Debug: Notice (8): Undefined variable: armorImbues in [APP\views\elements\ajax_items_page.ctp, line 60]
2011-01-23 13:01:22 Debug: Notice (8): Undefined variable: characters in [APP\views\elements\ajax_items_page.ctp, line 99]
2011-01-23 13:08:13 Debug: Notice (8): Undefined variable: refineChances in [APP\views\elements\ajax_items_page.ctp, line 2]
2011-01-23 13:08:13 Debug: Notice (8): Undefined variable: classWeaponEquips in [APP\views\elements\ajax_items_page.ctp, line 3]
2011-01-23 13:08:13 Debug: Notice (8): Undefined variable: userItems in [APP\views\elements\ajax_items_page.ctp, line 12]
2011-01-23 13:08:13 Debug: Notice (8): Undefined variable: userItems in [APP\views\elements\ajax_items_page.ctp, line 16]
2011-01-23 13:08:13 Debug: Notice (8): Undefined variable: weaponImbues in [APP\views\elements\ajax_items_page.ctp, line 54]
2011-01-23 13:08:13 Debug: Notice (8): Undefined variable: armorImbues in [APP\views\elements\ajax_items_page.ctp, line 60]
2011-01-23 13:08:13 Debug: Notice (8): Undefined variable: characters in [APP\views\elements\ajax_items_page.ctp, line 99]
2011-01-23 18:30:52 Debug: Notice (8): Use of undefined constant AJAX_SUCCESS_CODE - assumed 'AJAX_SUCCESS_CODE' in [APP\controllers\items_controller.php, line 302]
2011-01-23 18:30:52 Debug: Notice (8): Undefined variable: refineChances in [APP\views\elements\ajax_items_page.ctp, line 2]
2011-01-23 18:30:52 Debug: Notice (8): Undefined variable: classWeaponEquips in [APP\views\elements\ajax_items_page.ctp, line 3]
2011-01-23 18:30:52 Debug: Notice (8): Undefined variable: userItems in [APP\views\elements\ajax_items_page.ctp, line 12]
2011-01-23 18:30:52 Debug: Notice (8): Undefined variable: userItems in [APP\views\elements\ajax_items_page.ctp, line 16]
2011-01-23 18:30:52 Debug: Notice (8): Undefined variable: weaponImbues in [APP\views\elements\ajax_items_page.ctp, line 54]
2011-01-23 18:30:52 Debug: Notice (8): Undefined variable: armorImbues in [APP\views\elements\ajax_items_page.ctp, line 60]
2011-01-23 18:30:52 Debug: Notice (8): Undefined variable: characters in [APP\views\elements\ajax_items_page.ctp, line 99]
2011-01-24 02:20:25 Debug: Notice (8): Use of undefined constant AJAX_SUCCESS_CODE - assumed 'AJAX_SUCCESS_CODE' in [APP\controllers\items_controller.php, line 302]
2011-01-24 02:20:25 Debug: Notice (8): Undefined variable: refineChances in [APP\views\elements\ajax_items_page.ctp, line 2]
2011-01-24 02:20:25 Debug: Notice (8): Undefined variable: classWeaponEquips in [APP\views\elements\ajax_items_page.ctp, line 3]
2011-01-24 02:20:25 Debug: Notice (8): Undefined variable: userItems in [APP\views\elements\ajax_items_page.ctp, line 12]
2011-01-24 02:20:25 Debug: Notice (8): Undefined variable: userItems in [APP\views\elements\ajax_items_page.ctp, line 16]
2011-01-24 02:20:25 Debug: Notice (8): Undefined variable: weaponImbues in [APP\views\elements\ajax_items_page.ctp, line 54]
2011-01-24 02:20:25 Debug: Notice (8): Undefined variable: armorImbues in [APP\views\elements\ajax_items_page.ctp, line 60]
2011-01-24 02:20:25 Debug: Notice (8): Undefined variable: characters in [APP\views\elements\ajax_items_page.ctp, line 99]
2011-01-24 02:27:05 Debug: Notice (8): Undefined variable: refineChances in [APP\views\items\index.ctp, line 105]
2011-01-24 02:37:58 Debug: Notice (8): Use of undefined constant AJAX_SUCCESS_CODE - assumed 'AJAX_SUCCESS_CODE' in [APP\controllers\items_controller.php, line 305]
2011-01-24 02:37:58 Debug: Notice (8): Undefined variable: refineChances in [APP\views\elements\ajax_items_page.ctp, line 2]
2011-01-24 02:37:58 Debug: Notice (8): Undefined variable: classWeaponEquips in [APP\views\elements\ajax_items_page.ctp, line 3]
2011-01-24 02:37:58 Debug: Notice (8): Undefined variable: userItems in [APP\views\elements\ajax_items_page.ctp, line 12]
2011-01-24 02:37:58 Debug: Notice (8): Undefined variable: userItems in [APP\views\elements\ajax_items_page.ctp, line 16]
2011-01-24 02:37:58 Debug: Notice (8): Undefined variable: weaponImbues in [APP\views\elements\ajax_items_page.ctp, line 54]
2011-01-24 02:37:58 Debug: Notice (8): Undefined variable: armorImbues in [APP\views\elements\ajax_items_page.ctp, line 60]
2011-01-24 02:37:58 Debug: Notice (8): Undefined variable: characters in [APP\views\elements\ajax_items_page.ctp, line 99]
2011-01-24 17:09:51 Debug: Notice (8): Use of undefined constant AJAX_SUCCESS_CODE - assumed 'AJAX_SUCCESS_CODE' in [APP\controllers\items_controller.php, line 289]
2011-01-24 17:30:20 Debug: Notice (8): Undefined variable: character in [APP\webroot\js\components\formation_widget.js, line 103]
2011-01-24 17:30:20 Debug: Notice (8): Undefined variable: rangeString in [APP\webroot\js\components\formation_widget.js, line 104]
2011-01-24 17:30:20 Debug: Notice (8): Undefined variable: damageString in [APP\webroot\js\components\formation_widget.js, line 107]
2011-01-24 17:30:20 Debug: Notice (8): Undefined variable: character in [APP\webroot\js\components\formation_widget.js, line 108]
2011-01-24 17:30:42 Debug: Notice (8): Undefined variable: character in [APP\webroot\js\components\formation_widget.js, line 104]
2011-01-24 17:30:42 Debug: Notice (8): Undefined variable: rangeString in [APP\webroot\js\components\formation_widget.js, line 105]
2011-01-24 17:30:42 Debug: Notice (8): Undefined variable: damageString in [APP\webroot\js\components\formation_widget.js, line 108]
2011-01-24 17:30:42 Debug: Notice (8): Undefined variable: character in [APP\webroot\js\components\formation_widget.js, line 109]
2011-01-24 17:36:56 Debug: Notice (8): Undefined variable: character in [APP\webroot\js\components\formation_widget.js, line 104]
2011-01-24 17:36:56 Debug: Notice (8): Undefined variable: rangeString in [APP\webroot\js\components\formation_widget.js, line 105]
2011-01-24 17:36:56 Debug: Notice (8): Undefined variable: damageString in [APP\webroot\js\components\formation_widget.js, line 108]
2011-01-24 17:36:56 Debug: Notice (8): Undefined variable: character in [APP\webroot\js\components\formation_widget.js, line 109]
2011-01-24 17:39:08 Debug: Notice (8): Undefined variable: character in [APP\webroot\js\components\formation_widget.js, line 112]
2011-01-24 17:39:08 Debug: Notice (8): Undefined variable: rangeString in [APP\webroot\js\components\formation_widget.js, line 113]
2011-01-24 17:39:08 Debug: Notice (8): Undefined variable: damageString in [APP\webroot\js\components\formation_widget.js, line 116]
2011-01-24 17:39:09 Debug: Notice (8): Undefined variable: character in [APP\webroot\js\components\formation_widget.js, line 117]
2011-01-24 17:39:31 Debug: Notice (8): Undefined variable: character in [APP\webroot\js\components\formation_widget.js, line 113]
2011-01-24 17:39:31 Debug: Notice (8): Undefined variable: rangeString in [APP\webroot\js\components\formation_widget.js, line 114]
2011-01-24 17:39:31 Debug: Notice (8): Undefined variable: damageString in [APP\webroot\js\components\formation_widget.js, line 117]
2011-01-24 17:39:31 Debug: Notice (8): Undefined variable: character in [APP\webroot\js\components\formation_widget.js, line 118]
2011-01-24 17:39:52 Debug: Notice (8): Undefined variable: character in [APP\webroot\js\components\formation_widget.js, line 113]
2011-01-24 17:39:52 Debug: Notice (8): Undefined variable: rangeString in [APP\webroot\js\components\formation_widget.js, line 114]
2011-01-24 17:39:52 Debug: Notice (8): Undefined variable: damageString in [APP\webroot\js\components\formation_widget.js, line 117]
2011-01-24 17:39:52 Debug: Notice (8): Undefined variable: character in [APP\webroot\js\components\formation_widget.js, line 118]
2011-01-24 17:40:10 Debug: Notice (8): Undefined variable: character in [APP\webroot\js\components\formation_widget.js, line 113]
2011-01-24 17:40:10 Debug: Notice (8): Undefined variable: rangeString in [APP\webroot\js\components\formation_widget.js, line 114]
2011-01-24 17:40:10 Debug: Notice (8): Undefined variable: damageString in [APP\webroot\js\components\formation_widget.js, line 117]
2011-01-24 17:40:10 Debug: Notice (8): Undefined variable: character in [APP\webroot\js\components\formation_widget.js, line 118]
2011-01-24 17:40:20 Debug: Notice (8): Undefined variable: character in [APP\webroot\js\components\formation_widget.js, line 112]
2011-01-24 17:40:20 Debug: Notice (8): Undefined variable: rangeString in [APP\webroot\js\components\formation_widget.js, line 113]
2011-01-24 17:40:20 Debug: Notice (8): Undefined variable: damageString in [APP\webroot\js\components\formation_widget.js, line 116]
2011-01-24 17:40:20 Debug: Notice (8): Undefined variable: character in [APP\webroot\js\components\formation_widget.js, line 117]
2011-01-24 22:31:03 Debug: Notice (8): Use of undefined constant AJAX_SUCCESS_CODE - assumed 'AJAX_SUCCESS_CODE' in [APP\controllers\items_controller.php, line 289]
2011-02-08 23:46:28 Debug: Notice (8): Undefined index: ArmorType in [APP\models\item.php, line 59]
2011-02-08 23:46:28 Debug: Notice (8): Undefined index: MiscItemType in [APP\models\item.php, line 61]
2011-02-08 23:46:28 Debug: Notice (8): Undefined index: value in [APP\models\item.php, line 65]
2011-02-08 23:46:28 Debug: Notice (8): Undefined index: weapon_type_id in [APP\models\item.php, line 88]
2011-02-08 23:46:28 Debug: Notice (8): Undefined index: armor_type_id in [APP\models\item.php, line 88]
2011-02-08 23:46:28 Debug: Notice (8): Undefined index: name in [APP\models\item.php, line 110]
2011-02-08 23:46:57 Debug: Notice (8): Undefined index: weapon_type_id in [APP\models\item.php, line 89]
2011-02-08 23:46:57 Debug: Notice (8): Undefined index: armor_type_id in [APP\models\item.php, line 89]
2011-02-08 23:46:57 Debug: Notice (8): Undefined index: name in [APP\models\item.php, line 111]
2011-02-08 23:47:09 Debug: Notice (8): Undefined index: weapon_type_id in [APP\models\item.php, line 90]
2011-02-08 23:47:09 Debug: Notice (8): Undefined index: armor_type_id in [APP\models\item.php, line 90]
2011-02-08 23:47:09 Debug: Notice (8): Undefined index: name in [APP\models\item.php, line 112]
2011-02-08 23:48:18 Debug: Notice (8): Undefined index: id in [APP\controllers\users_controller.php, line 776]
2011-02-09 22:43:22 Debug: Notice (8): Undefined index: completion_count in [APP\views\missions\admi_view.ctp, line 39]
2011-02-09 22:43:22 Debug: Notice (8): Undefined index: difficulty_variation in [APP\views\missions\admi_view.ctp, line 43]
2011-02-09 22:43:22 Debug: Notice (8): Undefined index: only_once_per_user in [APP\views\missions\admi_view.ctp, line 47]
2011-02-09 22:43:22 Debug: Notice (8): Undefined index: is_final_mission in [APP\views\missions\admi_view.ctp, line 51]
2011-02-09 22:47:48 Debug: Notice (8): Undefined index: restrictions_desc in [APP\views\missions\admi_view.ctp, line 31]
2011-02-09 22:47:48 Debug: Notice (8): Undefined index: completion_count in [APP\views\missions\admi_view.ctp, line 43]
2011-02-09 22:47:48 Debug: Notice (8): Undefined index: difficulty_variation in [APP\views\missions\admi_view.ctp, line 47]
2011-02-09 22:47:48 Debug: Notice (8): Undefined index: only_once_per_user in [APP\views\missions\admi_view.ctp, line 51]
2011-02-09 22:47:48 Debug: Notice (8): Undefined index: is_final_mission in [APP\views\missions\admi_view.ctp, line 55]
2011-02-09 22:49:12 Debug: Notice (8): Undefined index: restrictions_desc in [APP\views\missions\admi_view.ctp, line 31]
2011-02-09 22:49:12 Debug: Notice (8): Undefined index: completion_count in [APP\views\missions\admi_view.ctp, line 43]
2011-02-09 22:49:12 Debug: Notice (8): Undefined index: difficulty_variation in [APP\views\missions\admi_view.ctp, line 47]
2011-02-09 22:49:12 Debug: Notice (8): Undefined index: only_once_per_user in [APP\views\missions\admi_view.ctp, line 51]
2011-02-09 22:49:12 Debug: Notice (8): Undefined index: is_final_mission in [APP\views\missions\admi_view.ctp, line 55]
2011-02-09 22:49:13 Debug: Notice (8): Undefined index: restrictions_desc in [APP\views\missions\admi_view.ctp, line 31]
2011-02-09 22:49:13 Debug: Notice (8): Undefined index: completion_count in [APP\views\missions\admi_view.ctp, line 43]
2011-02-09 22:49:13 Debug: Notice (8): Undefined index: difficulty_variation in [APP\views\missions\admi_view.ctp, line 47]
2011-02-09 22:49:13 Debug: Notice (8): Undefined index: only_once_per_user in [APP\views\missions\admi_view.ctp, line 51]
2011-02-09 22:49:13 Debug: Notice (8): Undefined index: is_final_mission in [APP\views\missions\admi_view.ctp, line 55]
2011-02-09 22:49:18 Debug: Notice (8): Undefined index: restrictions_desc in [APP\views\missions\admi_view.ctp, line 31]
2011-02-09 22:49:18 Debug: Notice (8): Undefined index: completion_count in [APP\views\missions\admi_view.ctp, line 43]
2011-02-09 22:49:18 Debug: Notice (8): Undefined index: difficulty_variation in [APP\views\missions\admi_view.ctp, line 47]
2011-02-09 22:49:18 Debug: Notice (8): Undefined index: only_once_per_user in [APP\views\missions\admi_view.ctp, line 51]
2011-02-09 22:49:19 Debug: Notice (8): Undefined index: is_final_mission in [APP\views\missions\admi_view.ctp, line 55]
2011-02-09 23:27:58 Debug: Notice (8): Undefined property: GuildsController::$Message in [APP\controllers\guilds_controller.php, line 43]
2011-02-09 23:37:47 Debug: Notice (8): Undefined variable: character in [APP\views\formations\edit.ctp, line 60]
2011-02-09 23:48:53 Debug: Notice (8): Undefined index: formation_id in [APP\models\character.php, line 270]
2011-02-09 23:49:20 Debug: Notice (8): Undefined index: characters_formations in [APP\models\character.php, line 222]
2011-02-09 23:53:07 Debug: Notice (8): Undefined offset: 0 in [APP\models\character.php, line 219]
2011-02-09 23:53:08 Debug: Notice (8): Undefined index: Formation in [APP\views\formations\edit.ctp, line 68]
2011-02-09 23:53:35 Debug: Notice (8): Undefined offset: 0 in [APP\models\character.php, line 220]
2011-02-09 23:53:35 Debug: Notice (8): Undefined index: Formation in [APP\views\formations\edit.ctp, line 68]
2011-02-09 23:53:48 Debug: Notice (8): Undefined index: Formation in [APP\views\formations\edit.ctp, line 68]
2011-02-10 00:23:43 Debug: Notice (8): Undefined variable: character in [APP\views\formations\edit.ctp, line 61]
2011-02-10 00:58:57 Debug: Notice (8): Undefined index: active_formation_id in [APP\controllers\formations_controller.php, line 14]
2011-02-10 01:01:05 Debug: Notice (8): Undefined index: active_formation_id in [APP\controllers\battles_controller.php, line 20]
2011-02-11 00:21:16 Debug: Notice (8): Undefined index: active in [APP\controllers\formations_controller.php, line 20]
2011-02-11 00:21:16 Debug: Notice (8): Undefined variable: activeFormation in [APP\controllers\formations_controller.php, line 27]
2011-02-11 00:21:16 Debug: Notice (8): Undefined variable: formations in [APP\views\formations\index.ctp, line 73]
2011-02-11 00:21:31 Debug: Notice (8): Undefined variable: formations in [APP\views\formations\index.ctp, line 73]
2011-02-11 00:22:11 Debug: Notice (8): Undefined variable: formations in [APP\views\formations\index.ctp, line 68]
2011-02-11 00:22:39 Debug: Notice (8): Undefined variable: formations in [APP\views\formations\index.ctp, line 68]
2011-02-11 00:23:57 Debug: Notice (8): Undefined variable: formations in [APP\views\formations\index.ctp, line 68]
2011-02-11 00:24:32 Debug: Notice (8): Undefined variable: formations in [APP\views\formations\index.ctp, line 68]
2011-02-11 00:24:34 Debug: Notice (8): Undefined variable: formations in [APP\views\formations\index.ctp, line 68]
2011-02-11 00:25:06 Debug: Notice (8): Undefined variable: formations in [APP\views\formations\index.ctp, line 68]
2011-02-11 00:25:08 Debug: Notice (8): Undefined variable: formations in [APP\views\formations\index.ctp, line 68]
2011-02-11 00:25:32 Debug: Notice (8): Undefined variable: formations in [APP\views\formations\index.ctp, line 68]
2011-02-11 00:26:52 Debug: Notice (8): Undefined index: active_formation_id in [APP\controllers\battles_controller.php, line 20]
2011-02-11 00:34:20 Debug: Notice (8): Undefined variable: activeFormation in [APP\views\battles\index.ctp, line 92]
2011-02-11 00:34:20 Debug: Notice (8): Undefined variable: activeFormation in [APP\views\battles\index.ctp, line 93]
2011-02-11 00:34:20 Debug: Notice (8): Undefined variable: userFormations in [APP\views\battles\index.ctp, line 96]
2011-02-11 00:34:20 Debug: Notice (8): Undefined variable: activeFormation in [APP\views\battles\index.ctp, line 130]
2011-02-11 00:34:20 Debug: Notice (8): Undefined variable: activeFormation in [APP\views\battles\index.ctp, line 131]
2011-02-11 00:34:20 Debug: Notice (8): Undefined variable: activeFormation in [APP\views\battles\index.ctp, line 132]
2011-02-11 00:35:53 Debug: Notice (8): Undefined variable: activeFormation in [APP\views\battles\index.ctp, line 136]
2011-02-11 00:35:53 Debug: Notice (8): Undefined variable: activeFormation in [APP\views\battles\index.ctp, line 137]
2011-02-11 00:35:54 Debug: Notice (8): Undefined variable: activeFormation in [APP\views\battles\index.ctp, line 138]
2011-02-11 00:37:48 Debug: Notice (8): Undefined index: active_formation_id in [APP\controllers\battles_controller.php, line 190]
2011-02-11 00:37:54 Debug: Notice (8): Undefined index: active_formation_id in [APP\controllers\battles_controller.php, line 190]
2011-02-11 00:37:57 Debug: Notice (8): Undefined index: active_formation_id in [APP\controllers\battles_controller.php, line 190]
2011-02-11 00:38:07 Debug: Notice (8): Undefined index: active_formation_id in [APP\controllers\battles_controller.php, line 190]
2011-02-11 00:38:16 Debug: Notice (8): Undefined index: active_formation_id in [APP\controllers\battles_controller.php, line 190]
2011-02-11 00:38:57 Debug: Notice (8): Undefined index: active_formation_id in [APP\controllers\battles_controller.php, line 190]
2011-02-11 00:39:31 Debug: Notice (8): Undefined variable: formationId in [APP\controllers\battles_controller.php, line 197]
2011-02-11 00:52:28 Debug: Notice (8): Undefined variable: user in [APP\views\battles\index.ctp, line 135]
2011-02-11 00:55:09 Debug: Notice (8): Undefined index: formation_id in [APP\controllers\battles_controller.php, line 148]
